{"/home/yosmar/Documentos/borrar/prueba-tecnica-back/src/controllers/newsController.js": {"path":"/home/yosmar/Documentos/borrar/prueba-tecnica-back/src/controllers/newsController.js","statementMap":{"0":{"start":{"line":1,"column":13},"end":{"line":1,"column":43}},"1":{"start":{"line":4,"column":0},"end":{"line":35,"column":2}},"2":{"start":{"line":6,"column":17},"end":{"line":6,"column":46}},"3":{"start":{"line":7,"column":18},"end":{"line":7,"column":49}},"4":{"start":{"line":9,"column":4},"end":{"line":34,"column":5}},"5":{"start":{"line":11,"column":21},"end":{"line":11,"column":39}},"6":{"start":{"line":14,"column":21},"end":{"line":17,"column":25}},"7":{"start":{"line":20,"column":22},"end":{"line":20,"column":70}},"8":{"start":{"line":23,"column":27},"end":{"line":23,"column":51}},"9":{"start":{"line":26,"column":8},"end":{"line":31,"column":11}},"10":{"start":{"line":33,"column":8},"end":{"line":33,"column":93}},"11":{"start":{"line":38,"column":0},"end":{"line":69,"column":2}},"12":{"start":{"line":40,"column":17},"end":{"line":40,"column":46}},"13":{"start":{"line":41,"column":18},"end":{"line":41,"column":49}},"14":{"start":{"line":43,"column":4},"end":{"line":68,"column":5}},"15":{"start":{"line":45,"column":21},"end":{"line":45,"column":39}},"16":{"start":{"line":48,"column":29},"end":{"line":51,"column":25}},"17":{"start":{"line":54,"column":22},"end":{"line":54,"column":79}},"18":{"start":{"line":57,"column":27},"end":{"line":57,"column":51}},"19":{"start":{"line":60,"column":8},"end":{"line":65,"column":11}},"20":{"start":{"line":67,"column":8},"end":{"line":67,"column":104}},"21":{"start":{"line":72,"column":0},"end":{"line":88,"column":2}},"22":{"start":{"line":73,"column":4},"end":{"line":87,"column":5}},"23":{"start":{"line":74,"column":23},"end":{"line":74,"column":33}},"24":{"start":{"line":75,"column":21},"end":{"line":75,"column":52}},"25":{"start":{"line":77,"column":8},"end":{"line":79,"column":9}},"26":{"start":{"line":78,"column":12},"end":{"line":78,"column":78}},"27":{"start":{"line":81,"column":8},"end":{"line":81,"column":38}},"28":{"start":{"line":82,"column":8},"end":{"line":82,"column":26}},"29":{"start":{"line":84,"column":8},"end":{"line":84,"column":57}},"30":{"start":{"line":86,"column":8},"end":{"line":86,"column":93}},"31":{"start":{"line":91,"column":0},"end":{"line":106,"column":2}},"32":{"start":{"line":92,"column":4},"end":{"line":105,"column":5}},"33":{"start":{"line":93,"column":23},"end":{"line":93,"column":33}},"34":{"start":{"line":94,"column":21},"end":{"line":94,"column":44}},"35":{"start":{"line":96,"column":8},"end":{"line":98,"column":9}},"36":{"start":{"line":97,"column":12},"end":{"line":97,"column":78}},"37":{"start":{"line":100,"column":8},"end":{"line":100,"column":31}},"38":{"start":{"line":102,"column":8},"end":{"line":102,"column":51}},"39":{"start":{"line":104,"column":8},"end":{"line":104,"column":93}},"40":{"start":{"line":109,"column":0},"end":{"line":132,"column":2}},"41":{"start":{"line":110,"column":52},"end":{"line":110,"column":60}},"42":{"start":{"line":113,"column":4},"end":{"line":115,"column":5}},"43":{"start":{"line":114,"column":8},"end":{"line":114,"column":86}},"44":{"start":{"line":116,"column":4},"end":{"line":131,"column":5}},"45":{"start":{"line":117,"column":56},"end":{"line":117,"column":64}},"46":{"start":{"line":119,"column":24},"end":{"line":124,"column":10}},"47":{"start":{"line":126,"column":8},"end":{"line":126,"column":29}},"48":{"start":{"line":128,"column":8},"end":{"line":128,"column":26}},"49":{"start":{"line":130,"column":8},"end":{"line":130,"column":92}}},"fnMap":{"0":{"name":"(anonymous_0)","decl":{"start":{"line":4,"column":21},"end":{"line":4,"column":22}},"loc":{"start":{"line":4,"column":41},"end":{"line":35,"column":1}},"line":4},"1":{"name":"(anonymous_1)","decl":{"start":{"line":38,"column":26},"end":{"line":38,"column":27}},"loc":{"start":{"line":38,"column":46},"end":{"line":69,"column":1}},"line":38},"2":{"name":"(anonymous_2)","decl":{"start":{"line":72,"column":22},"end":{"line":72,"column":23}},"loc":{"start":{"line":72,"column":42},"end":{"line":88,"column":1}},"line":72},"3":{"name":"(anonymous_3)","decl":{"start":{"line":91,"column":21},"end":{"line":91,"column":22}},"loc":{"start":{"line":91,"column":41},"end":{"line":106,"column":1}},"line":91},"4":{"name":"(anonymous_4)","decl":{"start":{"line":109,"column":18},"end":{"line":109,"column":19}},"loc":{"start":{"line":109,"column":38},"end":{"line":132,"column":1}},"line":109}},"branchMap":{"0":{"loc":{"start":{"line":6,"column":17},"end":{"line":6,"column":46}},"type":"binary-expr","locations":[{"start":{"line":6,"column":17},"end":{"line":6,"column":41}},{"start":{"line":6,"column":45},"end":{"line":6,"column":46}}],"line":6},"1":{"loc":{"start":{"line":7,"column":18},"end":{"line":7,"column":49}},"type":"binary-expr","locations":[{"start":{"line":7,"column":18},"end":{"line":7,"column":43}},{"start":{"line":7,"column":47},"end":{"line":7,"column":49}}],"line":7},"2":{"loc":{"start":{"line":40,"column":17},"end":{"line":40,"column":46}},"type":"binary-expr","locations":[{"start":{"line":40,"column":17},"end":{"line":40,"column":41}},{"start":{"line":40,"column":45},"end":{"line":40,"column":46}}],"line":40},"3":{"loc":{"start":{"line":41,"column":18},"end":{"line":41,"column":49}},"type":"binary-expr","locations":[{"start":{"line":41,"column":18},"end":{"line":41,"column":43}},{"start":{"line":41,"column":47},"end":{"line":41,"column":49}}],"line":41},"4":{"loc":{"start":{"line":77,"column":8},"end":{"line":79,"column":9}},"type":"if","locations":[{"start":{"line":77,"column":8},"end":{"line":79,"column":9}},{"start":{},"end":{}}],"line":77},"5":{"loc":{"start":{"line":96,"column":8},"end":{"line":98,"column":9}},"type":"if","locations":[{"start":{"line":96,"column":8},"end":{"line":98,"column":9}},{"start":{},"end":{}}],"line":96},"6":{"loc":{"start":{"line":113,"column":4},"end":{"line":115,"column":5}},"type":"if","locations":[{"start":{"line":113,"column":4},"end":{"line":115,"column":5}},{"start":{},"end":{}}],"line":113},"7":{"loc":{"start":{"line":113,"column":8},"end":{"line":113,"column":53}},"type":"binary-expr","locations":[{"start":{"line":113,"column":8},"end":{"line":113,"column":14}},{"start":{"line":113,"column":18},"end":{"line":113,"column":30}},{"start":{"line":113,"column":34},"end":{"line":113,"column":42}},{"start":{"line":113,"column":46},"end":{"line":113,"column":53}}],"line":113}},"s":{"0":1,"1":1,"2":3,"3":3,"4":3,"5":3,"6":3,"7":2,"8":2,"9":2,"10":1,"11":1,"12":1,"13":1,"14":1,"15":1,"16":1,"17":0,"18":0,"19":0,"20":1,"21":1,"22":3,"23":3,"24":3,"25":3,"26":1,"27":2,"28":2,"29":2,"30":0,"31":1,"32":2,"33":2,"34":2,"35":2,"36":1,"37":1,"38":1,"39":0,"40":1,"41":3,"42":3,"43":1,"44":2,"45":2,"46":2,"47":2,"48":2,"49":0},"f":{"0":3,"1":1,"2":3,"3":2,"4":3},"b":{"0":[3,3],"1":[3,3],"2":[1,1],"3":[1,1],"4":[1,2],"5":[1,1],"6":[1,2],"7":[3,2,2,2]},"_coverageSchema":"1a1c01bbd47fc00a2c39e90264f33305004495a9","hash":"0c8226ec90fda8000edf0ffd6d212728faea9a56"}
,"/home/yosmar/Documentos/borrar/prueba-tecnica-back/src/middlewares/validateObjectId.js": {"path":"/home/yosmar/Documentos/borrar/prueba-tecnica-back/src/middlewares/validateObjectId.js","statementMap":{"0":{"start":{"line":1,"column":17},"end":{"line":1,"column":36}},"1":{"start":{"line":4,"column":25},"end":{"line":13,"column":1}},"2":{"start":{"line":5,"column":19},"end":{"line":5,"column":29}},"3":{"start":{"line":6,"column":4},"end":{"line":6,"column":42}},"4":{"start":{"line":7,"column":4},"end":{"line":10,"column":5}},"5":{"start":{"line":8,"column":8},"end":{"line":8,"column":36}},"6":{"start":{"line":9,"column":8},"end":{"line":9,"column":65}},"7":{"start":{"line":11,"column":4},"end":{"line":11,"column":42}},"8":{"start":{"line":12,"column":4},"end":{"line":12,"column":11}},"9":{"start":{"line":15,"column":0},"end":{"line":15,"column":34}}},"fnMap":{"0":{"name":"(anonymous_0)","decl":{"start":{"line":4,"column":25},"end":{"line":4,"column":26}},"loc":{"start":{"line":4,"column":45},"end":{"line":13,"column":1}},"line":4}},"branchMap":{"0":{"loc":{"start":{"line":7,"column":4},"end":{"line":10,"column":5}},"type":"if","locations":[{"start":{"line":7,"column":4},"end":{"line":10,"column":5}},{"start":{},"end":{}}],"line":7}},"s":{"0":1,"1":1,"2":5,"3":5,"4":5,"5":0,"6":0,"7":5,"8":5,"9":1},"f":{"0":5},"b":{"0":[0,5]},"_coverageSchema":"1a1c01bbd47fc00a2c39e90264f33305004495a9","hash":"c5bef603011ce92de109bf681f2c0d3b13ffd90d"}
,"/home/yosmar/Documentos/borrar/prueba-tecnica-back/src/models/newsModel.js": {"path":"/home/yosmar/Documentos/borrar/prueba-tecnica-back/src/models/newsModel.js","statementMap":{"0":{"start":{"line":1,"column":17},"end":{"line":1,"column":36}},"1":{"start":{"line":3,"column":19},"end":{"line":27,"column":37}},"2":{"start":{"line":29,"column":13},"end":{"line":29,"column":47}},"3":{"start":{"line":31,"column":0},"end":{"line":31,"column":22}}},"fnMap":{},"branchMap":{},"s":{"0":2,"1":2,"2":2,"3":2},"f":{},"b":{},"_coverageSchema":"1a1c01bbd47fc00a2c39e90264f33305004495a9","hash":"4f3ef2fcc15a50f40284c805f234c16c7d387696"}
,"/home/yosmar/Documentos/borrar/prueba-tecnica-back/src/routes/newsRoutes.js": {"path":"/home/yosmar/Documentos/borrar/prueba-tecnica-back/src/routes/newsRoutes.js","statementMap":{"0":{"start":{"line":1,"column":16},"end":{"line":1,"column":34}},"1":{"start":{"line":2,"column":74},"end":{"line":2,"column":114}},"2":{"start":{"line":3,"column":25},"end":{"line":3,"column":67}},"3":{"start":{"line":5,"column":15},"end":{"line":5,"column":31}},"4":{"start":{"line":41,"column":0},"end":{"line":41,"column":32}},"5":{"start":{"line":42,"column":0},"end":{"line":42,"column":46}},"6":{"start":{"line":43,"column":0},"end":{"line":43,"column":30}},"7":{"start":{"line":44,"column":0},"end":{"line":44,"column":62}},"8":{"start":{"line":45,"column":0},"end":{"line":45,"column":56}},"9":{"start":{"line":47,"column":0},"end":{"line":47,"column":24}}},"fnMap":{},"branchMap":{},"s":{"0":1,"1":1,"2":1,"3":1,"4":1,"5":1,"6":1,"7":1,"8":1,"9":1},"f":{},"b":{},"_coverageSchema":"1a1c01bbd47fc00a2c39e90264f33305004495a9","hash":"1021ebbf4852a86b5f0e8469a8ca115954bd2cc7"}
}
