TN:
SF:src/controllers/newsController.js
FN:4,(anonymous_0)
FN:38,(anonymous_1)
FN:72,(anonymous_2)
FN:91,(anonymous_3)
FN:109,(anonymous_4)
FNF:5
FNH:5
FNDA:3,(anonymous_0)
FNDA:1,(anonymous_1)
FNDA:3,(anonymous_2)
FNDA:2,(anonymous_3)
FNDA:3,(anonymous_4)
DA:1,1
DA:4,1
DA:6,3
DA:7,3
DA:9,3
DA:11,3
DA:14,3
DA:20,2
DA:23,2
DA:26,2
DA:33,1
DA:38,1
DA:40,1
DA:41,1
DA:43,1
DA:45,1
DA:48,1
DA:54,0
DA:57,0
DA:60,0
DA:67,1
DA:72,1
DA:73,3
DA:74,3
DA:75,3
DA:77,3
DA:78,1
DA:81,2
DA:82,2
DA:84,2
DA:86,0
DA:91,1
DA:92,2
DA:93,2
DA:94,2
DA:96,2
DA:97,1
DA:100,1
DA:102,1
DA:104,0
DA:109,1
DA:110,3
DA:113,3
DA:114,1
DA:116,2
DA:117,2
DA:119,2
DA:126,2
DA:128,2
DA:130,0
LF:50
LH:44
BRDA:6,0,0,3
BRDA:6,0,1,3
BRDA:7,1,0,3
BRDA:7,1,1,3
BRDA:40,2,0,1
BRDA:40,2,1,1
BRDA:41,3,0,1
BRDA:41,3,1,1
BRDA:77,4,0,1
BRDA:77,4,1,2
BRDA:96,5,0,1
BRDA:96,5,1,1
BRDA:113,6,0,1
BRDA:113,6,1,2
BRDA:113,7,0,3
BRDA:113,7,1,2
BRDA:113,7,2,2
BRDA:113,7,3,2
BRF:18
BRH:18
end_of_record
TN:
SF:src/middlewares/validateObjectId.js
FN:4,(anonymous_0)
FNF:1
FNH:1
FNDA:5,(anonymous_0)
DA:1,1
DA:4,1
DA:5,5
DA:6,5
DA:7,5
DA:8,0
DA:9,0
DA:11,5
DA:12,5
DA:15,1
LF:10
LH:8
BRDA:7,0,0,0
BRDA:7,0,1,5
BRF:2
BRH:1
end_of_record
TN:
SF:src/models/newsModel.js
FNF:0
FNH:0
DA:1,2
DA:3,2
DA:29,2
DA:31,2
LF:4
LH:4
BRF:0
BRH:0
end_of_record
TN:
SF:src/routes/newsRoutes.js
FNF:0
FNH:0
DA:1,1
DA:2,1
DA:3,1
DA:5,1
DA:41,1
DA:42,1
DA:43,1
DA:44,1
DA:45,1
DA:47,1
LF:10
LH:10
BRF:0
BRH:0
end_of_record
